<?xml version="1.0" encoding="UTF-8"?>
<testsuite xmlns:xsi="http://www.w3.org/2001/XMLSchema-instance" xsi:noNamespaceSchemaLocation="https://maven.apache.org/surefire/maven-surefire-plugin/xsd/surefire-test-report-3.0.xsd" version="3.0" name="com.example.demo.DemoApplicationTests" time="3.288" tests="1" errors="0" skipped="0" failures="0">
  <properties>
[...]
</properties>
  <testcase name="contextLoads" classname="com.example.demo.DemoApplicationTests" time="0.979">
    <system-out><![CDATA[21:13:51.008 [main] INFO org.springframework.test.context.support.AnnotationConfigContextLoaderUtils -- Could not detect default configuration classes for test class [com.example.demo.DemoApplicationTests]: DemoApplicationTests does not declare any static, non-private, non-final, nested classes annotated with @Configuration.
21:13:51.155 [main] INFO org.springframework.boot.test.context.SpringBootTestContextBootstrapper -- Found @SpringBootConfiguration com.example.demo.DemoApplication for test class com.example.demo.DemoApplicationTests

  .   ____          _            __ _ _
 /\\ / ___'_ __ _ _(_)_ __  __ _ \ \ \ \
( ( )\___ | '_ | '_| | '_ \/ _` | \ \ \ \
 \\/  ___)| |_)| | | | | || (_| |  ) ) ) )
  '  |____| .__|_| |_|_| |_\__, | / / / /
 =========|_|==============|___/=/_/_/_/
 :: Spring Boot ::                (v3.2.0)

2026-03-19T21:13:51.615+05:30  INFO 32764 --- [           main] com.example.demo.DemoApplicationTests    : Starting DemoApplicationTests using Java 21.0.7 with PID 32764 (started by Deepak in C:\Users\Deepak\IdeaProjects\oolama\springboot-sonar-snyk-demo)
2026-03-19T21:13:51.617+05:30  INFO 32764 --- [           main] com.example.demo.DemoApplicationTests    : No active profile set, falling back to 1 default profile: "default"
2026-03-19T21:13:53.011+05:30  INFO 32764 --- [           main] com.example.demo.DemoApplicationTests    : Started DemoApplicationTests in 1.691 seconds (process running for 3.098)
]]></system-out>
    <system-err><![CDATA[WARNING: A Java agent has been loaded dynamically (C:\Users\Deepak\.m2\repository\net\bytebuddy\byte-buddy-agent\1.14.10\byte-buddy-agent-1.14.10.jar)
WARNING: If a serviceability tool is in use, please run with -XX:+EnableDynamicAgentLoading to hide this warning
WARNING: If a serviceability tool is not in use, please run with -Djdk.instrument.traceUsage for more information
WARNING: Dynamic loading of agents will be disallowed by default in a future release
]]></system-err>
  </testcase>
</testsuite>